Wed 13 Sep 2023 11:27:35 PM UTC: 
 tests:  1|8
total_score: 0/70
1c57b1c
Wed 13 Sep 2023 11:33:07 PM UTC: 
 treemap.c | 5 ++++-
 1 file changed, 4 insertions(+), 1 deletion(-)
In file included from test.c:4:
treemap.c: In function ‘createTreeMap’:
treemap.c:40:33: error: implicit declaration of function ‘sizeoff’ [-Werror=implicit-function-declaration]
   40 |   TreeMap* map=(TreeMap*)malloc(sizeoff(TreeMap));
      |                                 ^~~~~~~
treemap.c:40:41: error: expected expression before ‘TreeMap’
   40 |   TreeMap* map=(TreeMap*)malloc(sizeoff(TreeMap));
      |                                         ^~~~~~~
treemap.c:42:19: error: ‘lt’ undeclared (first use in this function)
   42 |   map->lower_than=lt;
      |                   ^~
treemap.c:42:19: note: each undeclared identifier is reported only once for each function it appears in
cc1: all warnings being treated as errors
Compilation failed
00cd09f
Wed 13 Sep 2023 11:33:29 PM UTC: 
 treemap.c | 2 +-
 1 file changed, 1 insertion(+), 1 deletion(-)
In file included from test.c:4:
treemap.c: In function ‘createTreeMap’:
treemap.c:42:19: error: ‘lt’ undeclared (first use in this function)
   42 |   map->lower_than=lt;
      |                   ^~
treemap.c:42:19: note: each undeclared identifier is reported only once for each function it appears in
Compilation failed
dff64ee
Wed 13 Sep 2023 11:34:14 PM UTC: 
 treemap.c | 2 +-
 1 file changed, 1 insertion(+), 1 deletion(-)
 tests:  4|7
total_score: 5/70
fa25f48
Wed 13 Sep 2023 11:52:04 PM UTC: 
 treemap.c | 18 ++++++++++++++++++
 1 file changed, 18 insertions(+)
In file included from test.c:4:
treemap.c: In function ‘searchTreeMap’:
treemap.c:78:42: error: ‘TreeNode’ has no member named ‘key’
   78 |     int cmp=tree->lower_than(key, current->key);
      |                                          ^~
treemap.c:84:26: error: ‘TreeNode’ has no member named ‘key’
   84 |       result->key=current->key;
      |                          ^~
treemap.c:85:28: error: ‘TreeNode’ has no member named ‘value’
   85 |       result->value=current->value;
      |                            ^~
Compilation failed
e2b8e8c
Wed 13 Sep 2023 11:53:50 PM UTC: 
 treemap.c | 4 ++++
 1 file changed, 4 insertions(+)
In file included from test.c:4:
treemap.c: In function ‘searchTreeMap’:
treemap.c:82:42: error: ‘TreeNode’ has no member named ‘key’
   82 |     int cmp=tree->lower_than(key, current->key);
      |                                          ^~
treemap.c:88:26: error: ‘TreeNode’ has no member named ‘key’
   88 |       result->key=current->key;
      |                          ^~
treemap.c:89:28: error: ‘TreeNode’ has no member named ‘value’
   89 |       result->value=current->value;
      |                            ^~
Compilation failed
b561029
Wed 13 Sep 2023 11:54:26 PM UTC: 
 treemap.c | 2 +-
 1 file changed, 1 insertion(+), 1 deletion(-)
In file included from test.c:4:
treemap.c: In function ‘searchTreeMap’:
treemap.c:81:42: error: ‘TreeNode’ has no member named ‘key’
   81 |     int cmp=tree->lower_than(key, current->key);
      |                                          ^~
treemap.c:87:26: error: ‘TreeNode’ has no member named ‘key’
   87 |       result->key=current->key;
      |                          ^~
treemap.c:88:28: error: ‘TreeNode’ has no member named ‘value’
   88 |       result->value=current->value;
      |                            ^~
treemap.c:97:10: error: ‘result’ undeclared (first use in this function)
   97 |   return result;
      |          ^~~~~~
treemap.c:97:10: note: each undeclared identifier is reported only once for each function it appears in
treemap.c:98:1: error: control reaches end of non-void function [-Werror=return-type]
   98 | }
      | ^
cc1: all warnings being treated as errors
Compilation failed
b1adfe0
Wed 13 Sep 2023 11:54:39 PM UTC: 
 treemap.c | 2 +-
 1 file changed, 1 insertion(+), 1 deletion(-)
In file included from test.c:4:
treemap.c: In function ‘searchTreeMap’:
treemap.c:81:42: error: ‘TreeNode’ has no member named ‘key’
   81 |     int cmp=tree->lower_than(key, current->key);
      |                                          ^~
treemap.c:87:26: error: ‘TreeNode’ has no member named ‘key’
   87 |       result->key=current->key;
      |                          ^~
treemap.c:88:28: error: ‘TreeNode’ has no member named ‘value’
   88 |       result->value=current->value;
      |                            ^~
treemap.c:97:10: error: ‘result’ undeclared (first use in this function)
   97 |   return result->key;
      |          ^~~~~~
treemap.c:97:10: note: each undeclared identifier is reported only once for each function it appears in
treemap.c:98:1: error: control reaches end of non-void function [-Werror=return-type]
   98 | }
      | ^
cc1: all warnings being treated as errors
Compilation failed
0fb08df
Wed 13 Sep 2023 11:55:04 PM UTC: 
 treemap.c | 2 +-
 1 file changed, 1 insertion(+), 1 deletion(-)
In file included from test.c:4:
treemap.c: In function ‘searchTreeMap’:
treemap.c:81:42: error: ‘TreeNode’ has no member named ‘key’
   81 |     int cmp=tree->lower_than(key, current->key);
      |                                          ^~
treemap.c:87:26: error: ‘TreeNode’ has no member named ‘key’
   87 |       result->key=current->key;
      |                          ^~
treemap.c:88:28: error: ‘TreeNode’ has no member named ‘value’
   88 |       result->value=current->value;
      |                            ^~
Compilation failed
b6fed52
Thu 14 Sep 2023 12:02:25 AM UTC: 
 treemap.c | 2 +-
 1 file changed, 1 insertion(+), 1 deletion(-)
In file included from test.c:4:
treemap.c: In function ‘searchTreeMap’:
treemap.c:81:42: error: ‘TreeNode’ has no member named ‘key’
   81 |     int cmp=tree->lower_than(key, current->key);
      |                                          ^~
treemap.c:87:26: error: ‘TreeNode’ has no member named ‘key’
   87 |       result->key=current->key;
      |                          ^~
treemap.c:88:28: error: ‘TreeNode’ has no member named ‘value’
   88 |       result->value=current->value;
      |                            ^~
treemap.c:97:10: error: ‘result’ undeclared (first use in this function)
   97 |   return result->value;
      |          ^~~~~~
treemap.c:97:10: note: each undeclared identifier is reported only once for each function it appears in
treemap.c:98:1: error: control reaches end of non-void function [-Werror=return-type]
   98 | }
      | ^
cc1: all warnings being treated as errors
Compilation failed
5cefca7
Thu 14 Sep 2023 12:02:37 AM UTC: 
 treemap.c | 2 +-
 1 file changed, 1 insertion(+), 1 deletion(-)
In file included from test.c:4:
treemap.c: In function ‘searchTreeMap’:
treemap.c:81:42: error: ‘TreeNode’ has no member named ‘key’
   81 |     int cmp=tree->lower_than(key, current->key);
      |                                          ^~
treemap.c:87:26: error: ‘TreeNode’ has no member named ‘key’
   87 |       result->key=current->key;
      |                          ^~
treemap.c:88:28: error: ‘TreeNode’ has no member named ‘value’
   88 |       result->value=current->value;
      |                            ^~
treemap.c:97:10: error: ‘result’ undeclared (first use in this function)
   97 |   return result->key;
      |          ^~~~~~
treemap.c:97:10: note: each undeclared identifier is reported only once for each function it appears in
treemap.c:98:1: error: control reaches end of non-void function [-Werror=return-type]
   98 | }
      | ^
cc1: all warnings being treated as errors
Compilation failed
e0d5b37
Thu 14 Sep 2023 12:02:52 AM UTC: 
 treemap.c | 2 +-
 1 file changed, 1 insertion(+), 1 deletion(-)
In file included from test.c:4:
treemap.c: In function ‘searchTreeMap’:
treemap.c:81:42: error: ‘TreeNode’ has no member named ‘key’
   81 |     int cmp=tree->lower_than(key, current->key);
      |                                          ^~
treemap.c:87:26: error: ‘TreeNode’ has no member named ‘key’
   87 |       result->key=current->key;
      |                          ^~
treemap.c:88:28: error: ‘TreeNode’ has no member named ‘value’
   88 |       result->value=current->value;
      |                            ^~
treemap.c:97:17: error: ‘TreeNode’ has no member named ‘value’
   97 |   return current->value;
      |                 ^~
treemap.c:98:1: error: control reaches end of non-void function [-Werror=return-type]
   98 | }
      | ^
cc1: all warnings being treated as errors
Compilation failed
1a4261e
Thu 14 Sep 2023 12:03:02 AM UTC: 
 treemap.c | 2 +-
 1 file changed, 1 insertion(+), 1 deletion(-)
In file included from test.c:4:
treemap.c: In function ‘searchTreeMap’:
treemap.c:81:42: error: ‘TreeNode’ has no member named ‘key’
   81 |     int cmp=tree->lower_than(key, current->key);
      |                                          ^~
treemap.c:87:26: error: ‘TreeNode’ has no member named ‘key’
   87 |       result->key=current->key;
      |                          ^~
treemap.c:88:28: error: ‘TreeNode’ has no member named ‘value’
   88 |       result->value=current->value;
      |                            ^~
treemap.c:97:17: error: ‘TreeNode’ has no member named ‘key’
   97 |   return current->key;
      |                 ^~
treemap.c:98:1: error: control reaches end of non-void function [-Werror=return-type]
   98 | }
      | ^
cc1: all warnings being treated as errors
Compilation failed
f6012b5
Thu 14 Sep 2023 12:08:49 AM UTC: 
 treemap.c | 8 +++-----
 1 file changed, 3 insertions(+), 5 deletions(-)
In file included from test.c:4:
treemap.c: In function ‘searchTreeMap’:
treemap.c:81:36: error: ‘TreeNode’ has no member named ‘key’
   81 |     if (is_equal(tree, key, current->key)){
      |                                    ^~
treemap.c:86:26: error: ‘TreeNode’ has no member named ‘key’
   86 |       result->key=current->key;
      |                          ^~
treemap.c:87:28: error: ‘TreeNode’ has no member named ‘value’
   87 |       result->value=current->value;
      |                            ^~
treemap.c:89:44: error: ‘TreeNode’ has no member named ‘key’
   89 |     } else if(tree->lower_than(key, current->key)<0){
      |                                            ^~
treemap.c:95:3: error: ‘return’ with no value, in function returning non-void [-Werror=return-type]
   95 |   return ;
      |   ^~~~~~
treemap.c:75:8: note: declared here
   75 | Pair * searchTreeMap(TreeMap * tree, void* key){
      |        ^~~~~~~~~~~~~
cc1: all warnings being treated as errors
Compilation failed
1a96b70
Thu 14 Sep 2023 12:09:06 AM UTC: 
 treemap.c | 2 +-
 1 file changed, 1 insertion(+), 1 deletion(-)
In file included from test.c:4:
treemap.c: In function ‘searchTreeMap’:
treemap.c:81:36: error: ‘TreeNode’ has no member named ‘key’
   81 |     if (is_equal(tree, key, current->key)){
      |                                    ^~
treemap.c:86:26: error: ‘TreeNode’ has no member named ‘key’
   86 |       result->key=current->key;
      |                          ^~
treemap.c:87:28: error: ‘TreeNode’ has no member named ‘value’
   87 |       result->value=current->value;
      |                            ^~
treemap.c:89:44: error: ‘TreeNode’ has no member named ‘key’
   89 |     } else if(tree->lower_than(key, current->key)<0){
      |                                            ^~
Compilation failed
899e0b1
Thu 14 Sep 2023 12:13:11 AM UTC: 
 treemap.c | 4 +++-
 1 file changed, 3 insertions(+), 1 deletion(-)
In file included from test.c:4:
treemap.c: In function ‘searchTreeMap’:
treemap.c:81:36: error: ‘TreeNode’ has no member named ‘key’
   81 |     if (is_equal(tree, key, current->key)){
      |                                    ^~
treemap.c:85:10: error: ‘result’ undeclared (first use in this function)
   85 |       if(result==NULL){
      |          ^~~~~~
treemap.c:85:10: note: each undeclared identifier is reported only once for each function it appears in
treemap.c:88:26: error: ‘TreeNode’ has no member named ‘key’
   88 |       result->key=current->key;
      |                          ^~
treemap.c:89:28: error: ‘TreeNode’ has no member named ‘value’
   89 |       result->value=current->value;
      |                            ^~
treemap.c:91:44: error: ‘TreeNode’ has no member named ‘key’
   91 |     } else if(tree->lower_than(key, current->key)<0){
      |                                            ^~
Compilation failed
1abeb33
Thu 14 Sep 2023 12:13:31 AM UTC: 
 treemap.c | 7 -------
 1 file changed, 7 deletions(-)
In file included from test.c:4:
treemap.c: In function ‘searchTreeMap’:
treemap.c:81:36: error: ‘TreeNode’ has no member named ‘key’
   81 |     if (is_equal(tree, key, current->key)){
      |                                    ^~
treemap.c:84:44: error: ‘TreeNode’ has no member named ‘key’
   84 |     } else if(tree->lower_than(key, current->key)<0){
      |                                            ^~
Compilation failed
8663394
Thu 14 Sep 2023 12:14:14 AM UTC: 
 treemap.c | 12 ++++++++----
 1 file changed, 8 insertions(+), 4 deletions(-)
In file included from test.c:4:
treemap.c: In function ‘searchTreeMap’:
treemap.c:82:36: error: ‘TreeNode’ has no member named ‘key’
   82 |     if (is_equal(tree, key, current->key))
      |                                    ^~
treemap.c:86:44: error: ‘TreeNode’ has no member named ‘key’
   86 |     } else if(tree->lower_than(key, current->key))
      |                                            ^~
Compilation failed
c11c5a7
Thu 14 Sep 2023 12:15:05 AM UTC: 
 treemap.c | 2 +-
 1 file changed, 1 insertion(+), 1 deletion(-)
In file included from test.c:4:
treemap.c: In function ‘searchTreeMap’:
treemap.c:86:44: error: ‘TreeNode’ has no member named ‘key’
   86 |     } else if(tree->lower_than(key, current->key))
      |                                            ^~
Compilation failed
37ab747
Thu 14 Sep 2023 12:15:16 AM UTC: 
 treemap.c | 2 +-
 1 file changed, 1 insertion(+), 1 deletion(-)
 tests:  11|6
total_score: 15/70
8359910
Thu 14 Sep 2023 12:20:35 AM UTC: 
 treemap.c | 13 +++++++++++++
 1 file changed, 13 insertions(+)
In file included from test.c:4:
treemap.c: In function ‘insertTreeMap’:
treemap.c:54:37: error: ‘TreeNode’ has no member named ‘pari’; did you mean ‘pair’?
   54 |     if(is_equal(tree, key, current->pari->key)){
      |                                     ^~~~
      |                                     pair
treemap.c:51:13: error: variable ‘parent’ set but not used [-Werror=unused-but-set-variable]
   51 |   TreeNode* parent=NULL;
      |             ^~~~~~
cc1: all warnings being treated as errors
Compilation failed
728f1d3
Thu 14 Sep 2023 12:24:10 AM UTC: 
 treemap.c | 9 +++++++++
 1 file changed, 9 insertions(+)
In file included from test.c:4:
treemap.c: In function ‘insertTreeMap’:
treemap.c:54:37: error: ‘TreeNode’ has no member named ‘pari’; did you mean ‘pair’?
   54 |     if(is_equal(tree, key, current->pari->key)){
      |                                     ^~~~
      |                                     pair
treemap.c:68:40: error: ‘TreeNode’ has no member named ‘key’
   68 |   }else if(tree->lower_than(key, parent->key)){
      |                                        ^~
Compilation failed
0288e8e
Thu 14 Sep 2023 12:27:34 AM UTC: 
 treemap.c | 2 +-
 1 file changed, 1 insertion(+), 1 deletion(-)
In file included from test.c:4:
treemap.c: In function ‘insertTreeMap’:
treemap.c:68:40: error: ‘TreeNode’ has no member named ‘key’
   68 |   }else if(tree->lower_than(key, parent->key)){
      |                                        ^~
Compilation failed
bd59b3e
Thu 14 Sep 2023 12:31:29 AM UTC: 
 treemap.c | 5 ++++-
 1 file changed, 4 insertions(+), 1 deletion(-)
In file included from test.c:4:
treemap.c: In function ‘insertTreeMap’:
treemap.c:71:40: error: ‘TreeNode’ has no member named ‘key’
   71 |   }else if(tree->lower_than(key, parent->key)){
      |                                        ^~
Compilation failed
18dfafc
Thu 14 Sep 2023 12:35:56 AM UTC: 
 treemap.c | 11 +++++++----
 1 file changed, 7 insertions(+), 4 deletions(-)
In file included from test.c:4:
treemap.c: In function ‘insertTreeMap’:
treemap.c:74:40: error: ‘TreeNode’ has no member named ‘key’
   74 |   }else if(tree->lower_than(key, parent->key)){
      |                                        ^~
Compilation failed
d32a79d
Thu 14 Sep 2023 12:36:09 AM UTC: 
 treemap.c | 2 ++
 1 file changed, 2 insertions(+)
In file included from test.c:4:
treemap.c: In function ‘insertTreeMap’:
treemap.c:76:40: error: ‘TreeNode’ has no member named ‘key’
   76 |   }else if(tree->lower_than(key, parent->key)){
      |                                        ^~
Compilation failed
317b4f2
Thu 14 Sep 2023 12:37:13 AM UTC: 
 treemap.c | 4 ++--
 1 file changed, 2 insertions(+), 2 deletions(-)
In file included from test.c:4:
treemap.c: In function ‘insertTreeMap’:
treemap.c:76:40: error: ‘TreeNode’ has no member named ‘key’
   76 |   }else if(tree->lower_than(key, parent->key)){
      |                                        ^~
Compilation failed
b52ed25
Thu 14 Sep 2023 12:39:06 AM UTC: 
 treemap.c | 4 ++++
 1 file changed, 4 insertions(+)
In file included from test.c:4:
treemap.c: In function ‘insertTreeMap’:
treemap.c:80:40: error: ‘TreeNode’ has no member named ‘key’
   80 |   }else if(tree->lower_than(key, parent->key)){
      |                                        ^~
Compilation failed
4f2b752
Thu 14 Sep 2023 12:42:02 AM UTC: 
 treemap.c | 8 --------
 1 file changed, 8 deletions(-)
test.c: In function ‘insertTreeMap’:
test.c:503:5: error: ‘main’ is normally a non-static function [-Werror=main]
  503 | int main( int argc, char *argv[] ) {
      |     ^~~~
test.c:606:1: error: expected declaration or statement at end of input
  606 | }
      | ^
In file included from test.c:4:
treemap.c:51:13: error: unused variable ‘parent’ [-Werror=unused-variable]
   51 |   TreeNode* parent=NULL;
      |             ^~~~~~
At top level:
test.c:503:5: error: ‘main’ defined but not used [-Werror=unused-function]
  503 | int main( int argc, char *argv[] ) {
      |     ^~~~
cc1: all warnings being treated as errors
Compilation failed
37b9941
Thu 14 Sep 2023 12:46:00 AM UTC: 
 treemap.c | 1 -
 1 file changed, 1 deletion(-)
test.c: In function ‘insertTreeMap’:
test.c:503:5: error: ‘main’ is normally a non-static function [-Werror=main]
  503 | int main( int argc, char *argv[] ) {
      |     ^~~~
test.c:606:1: error: expected declaration or statement at end of input
  606 | }
      | ^
At top level:
test.c:503:5: error: ‘main’ defined but not used [-Werror=unused-function]
  503 | int main( int argc, char *argv[] ) {
      |     ^~~~
cc1: all warnings being treated as errors
Compilation failed
4e90404
Thu 14 Sep 2023 12:53:14 AM UTC: 
 treemap.c | 2 +-
 1 file changed, 1 insertion(+), 1 deletion(-)
 tests:  13|5
total_score: 25/70
c9802df
